<?xml version="1.0" encoding="UTF-8"?>
<testsuite name="org.generation.WTFuccelent.WtFuccelentApplicationTests" tests="1" skipped="0" failures="0" errors="0" timestamp="2022-03-20T15:16:59" hostname="Tengs-iMac" time="0.022">
  <properties/>
  <testcase name="contextLoads()" classname="org.generation.WTFuccelent.WtFuccelentApplicationTests" time="0.022"/>
  <system-out><![CDATA[2022-03-20 23:16:59.642  INFO 54497 --- [    Test worker] .b.t.c.SpringBootTestContextBootstrapper : Neither @ContextConfiguration nor @ContextHierarchy found for test class [org.generation.WTFuccelent.WtFuccelentApplicationTests], using SpringBootContextLoader
2022-03-20 23:16:59.653  INFO 54497 --- [    Test worker] o.s.t.c.support.AbstractContextLoader    : Could not detect default resource locations for test class [org.generation.WTFuccelent.WtFuccelentApplicationTests]: no resource found for suffixes {-context.xml, Context.groovy}.
2022-03-20 23:16:59.654  INFO 54497 --- [    Test worker] t.c.s.AnnotationConfigContextLoaderUtils : Could not detect default configuration classes for test class [org.generation.WTFuccelent.WtFuccelentApplicationTests]: WtFuccelentApplicationTests does not declare any static, non-private, non-final, nested classes annotated with @Configuration.
2022-03-20 23:16:59.667  INFO 54497 --- [    Test worker] .b.t.c.SpringBootTestContextBootstrapper : Found @SpringBootConfiguration org.generation.WTFuccelent.WtFuccelentApplication for test class org.generation.WTFuccelent.WtFuccelentApplicationTests
2022-03-20 23:16:59.675  INFO 54497 --- [    Test worker] .b.t.c.SpringBootTestContextBootstrapper : Loaded default TestExecutionListener class names from location [META-INF/spring.factories]: [org.springframework.boot.test.autoconfigure.restdocs.RestDocsTestExecutionListener, org.springframework.boot.test.autoconfigure.web.client.MockRestServiceServerResetTestExecutionListener, org.springframework.boot.test.autoconfigure.web.servlet.MockMvcPrintOnlyOnFailureTestExecutionListener, org.springframework.boot.test.autoconfigure.web.servlet.WebDriverTestExecutionListener, org.springframework.boot.test.autoconfigure.webservices.client.MockWebServiceServerTestExecutionListener, org.springframework.boot.test.mock.mockito.MockitoTestExecutionListener, org.springframework.boot.test.mock.mockito.ResetMocksTestExecutionListener, org.springframework.test.context.web.ServletTestExecutionListener, org.springframework.test.context.support.DirtiesContextBeforeModesTestExecutionListener, org.springframework.test.context.event.ApplicationEventsTestExecutionListener, org.springframework.test.context.support.DependencyInjectionTestExecutionListener, org.springframework.test.context.support.DirtiesContextTestExecutionListener, org.springframework.test.context.transaction.TransactionalTestExecutionListener, org.springframework.test.context.jdbc.SqlScriptsTestExecutionListener, org.springframework.test.context.event.EventPublishingTestExecutionListener]
2022-03-20 23:16:59.676  INFO 54497 --- [    Test worker] .b.t.c.SpringBootTestContextBootstrapper : Using TestExecutionListeners: [org.springframework.test.context.web.ServletTestExecutionListener@d79a69b, org.springframework.test.context.support.DirtiesContextBeforeModesTestExecutionListener@51158fb1, org.springframework.test.context.event.ApplicationEventsTestExecutionListener@62682ece, org.springframework.boot.test.mock.mockito.MockitoTestExecutionListener@3c83e9ca, org.springframework.boot.test.autoconfigure.SpringBootDependencyInjectionTestExecutionListener@7c0ecdbf, org.springframework.test.context.support.DirtiesContextTestExecutionListener@19bad88, org.springframework.test.context.transaction.TransactionalTestExecutionListener@2226fd2b, org.springframework.test.context.jdbc.SqlScriptsTestExecutionListener@1488d1c, org.springframework.test.context.event.EventPublishingTestExecutionListener@b21cbbf, org.springframework.boot.test.autoconfigure.restdocs.RestDocsTestExecutionListener@578ac0be, org.springframework.boot.test.autoconfigure.web.client.MockRestServiceServerResetTestExecutionListener@4250b0c1, org.springframework.boot.test.autoconfigure.web.servlet.MockMvcPrintOnlyOnFailureTestExecutionListener@7b5e5fa, org.springframework.boot.test.autoconfigure.web.servlet.WebDriverTestExecutionListener@24caa80, org.springframework.boot.test.autoconfigure.webservices.client.MockWebServiceServerTestExecutionListener@3420547, org.springframework.boot.test.mock.mockito.ResetMocksTestExecutionListener@44d36b56]
]]></system-out>
  <system-err><![CDATA[]]></system-err>
</testsuite>
