<?xml version="1.0" encoding="UTF-8"?>
<testsuite name="org.generation.WTFuccelent.ItemControllerTest" tests="3" skipped="0" failures="0" errors="0" timestamp="2022-03-20T15:16:59" hostname="Tengs-iMac" time="0.184">
  <properties/>
  <testcase name="findItemService()" classname="org.generation.WTFuccelent.ItemControllerTest" time="0.142"/>
  <testcase name="listItemService()" classname="org.generation.WTFuccelent.ItemControllerTest" time="0.023"/>
  <testcase name="deleteItemService()" classname="org.generation.WTFuccelent.ItemControllerTest" time="0.014"/>
  <system-out><![CDATA[23:16:51.837 [Test worker] DEBUG org.springframework.test.context.BootstrapUtils - Instantiating CacheAwareContextLoaderDelegate from class [org.springframework.test.context.cache.DefaultCacheAwareContextLoaderDelegate]
23:16:51.849 [Test worker] DEBUG org.springframework.test.context.BootstrapUtils - Instantiating BootstrapContext using constructor [public org.springframework.test.context.support.DefaultBootstrapContext(java.lang.Class,org.springframework.test.context.CacheAwareContextLoaderDelegate)]
23:16:51.877 [Test worker] DEBUG org.springframework.test.context.BootstrapUtils - Instantiating TestContextBootstrapper for test class [org.generation.WTFuccelent.ItemControllerTest] from class [org.springframework.boot.test.context.SpringBootTestContextBootstrapper]
23:16:51.887 [Test worker] INFO org.springframework.boot.test.context.SpringBootTestContextBootstrapper - Neither @ContextConfiguration nor @ContextHierarchy found for test class [org.generation.WTFuccelent.ItemControllerTest], using SpringBootContextLoader
23:16:51.890 [Test worker] DEBUG org.springframework.test.context.support.AbstractContextLoader - Did not detect default resource location for test class [org.generation.WTFuccelent.ItemControllerTest]: class path resource [org/generation/WTFuccelent/ItemControllerTest-context.xml] does not exist
23:16:51.890 [Test worker] DEBUG org.springframework.test.context.support.AbstractContextLoader - Did not detect default resource location for test class [org.generation.WTFuccelent.ItemControllerTest]: class path resource [org/generation/WTFuccelent/ItemControllerTestContext.groovy] does not exist
23:16:51.890 [Test worker] INFO org.springframework.test.context.support.AbstractContextLoader - Could not detect default resource locations for test class [org.generation.WTFuccelent.ItemControllerTest]: no resource found for suffixes {-context.xml, Context.groovy}.
23:16:51.891 [Test worker] INFO org.springframework.test.context.support.AnnotationConfigContextLoaderUtils - Could not detect default configuration classes for test class [org.generation.WTFuccelent.ItemControllerTest]: ItemControllerTest does not declare any static, non-private, non-final, nested classes annotated with @Configuration.
23:16:51.948 [Test worker] DEBUG org.springframework.test.context.support.ActiveProfilesUtils - Could not find an 'annotation declaring class' for annotation type [org.springframework.test.context.ActiveProfiles] and class [org.generation.WTFuccelent.ItemControllerTest]
23:16:52.017 [Test worker] DEBUG org.springframework.context.annotation.ClassPathScanningCandidateComponentProvider - Identified candidate component class: file [/Users/ros/Desktop/WTFuccelent/build/classes/java/main/org/generation/WTFuccelent/WtFuccelentApplication.class]
23:16:52.022 [Test worker] INFO org.springframework.boot.test.context.SpringBootTestContextBootstrapper - Found @SpringBootConfiguration org.generation.WTFuccelent.WtFuccelentApplication for test class org.generation.WTFuccelent.ItemControllerTest
23:16:52.098 [Test worker] DEBUG org.springframework.boot.test.context.SpringBootTestContextBootstrapper - @TestExecutionListeners is not present for class [org.generation.WTFuccelent.ItemControllerTest]: using defaults.
23:16:52.099 [Test worker] INFO org.springframework.boot.test.context.SpringBootTestContextBootstrapper - Loaded default TestExecutionListener class names from location [META-INF/spring.factories]: [org.springframework.boot.test.autoconfigure.restdocs.RestDocsTestExecutionListener, org.springframework.boot.test.autoconfigure.web.client.MockRestServiceServerResetTestExecutionListener, org.springframework.boot.test.autoconfigure.web.servlet.MockMvcPrintOnlyOnFailureTestExecutionListener, org.springframework.boot.test.autoconfigure.web.servlet.WebDriverTestExecutionListener, org.springframework.boot.test.autoconfigure.webservices.client.MockWebServiceServerTestExecutionListener, org.springframework.boot.test.mock.mockito.MockitoTestExecutionListener, org.springframework.boot.test.mock.mockito.ResetMocksTestExecutionListener, org.springframework.test.context.web.ServletTestExecutionListener, org.springframework.test.context.support.DirtiesContextBeforeModesTestExecutionListener, org.springframework.test.context.event.ApplicationEventsTestExecutionListener, org.springframework.test.context.support.DependencyInjectionTestExecutionListener, org.springframework.test.context.support.DirtiesContextTestExecutionListener, org.springframework.test.context.transaction.TransactionalTestExecutionListener, org.springframework.test.context.jdbc.SqlScriptsTestExecutionListener, org.springframework.test.context.event.EventPublishingTestExecutionListener]
23:16:52.112 [Test worker] INFO org.springframework.boot.test.context.SpringBootTestContextBootstrapper - Using TestExecutionListeners: [org.springframework.test.context.web.ServletTestExecutionListener@6111ba37, org.springframework.test.context.support.DirtiesContextBeforeModesTestExecutionListener@7be58f16, org.springframework.test.context.event.ApplicationEventsTestExecutionListener@242aa8d9, org.springframework.boot.test.mock.mockito.MockitoTestExecutionListener@5b11a194, org.springframework.boot.test.autoconfigure.SpringBootDependencyInjectionTestExecutionListener@37bd68c3, org.springframework.test.context.support.DirtiesContextTestExecutionListener@60f7cc1d, org.springframework.test.context.transaction.TransactionalTestExecutionListener@11eadcba, org.springframework.test.context.jdbc.SqlScriptsTestExecutionListener@4721d212, org.springframework.test.context.event.EventPublishingTestExecutionListener@1b065145, org.springframework.boot.test.autoconfigure.restdocs.RestDocsTestExecutionListener@45cff11c, org.springframework.boot.test.autoconfigure.web.client.MockRestServiceServerResetTestExecutionListener@207ea13, org.springframework.boot.test.autoconfigure.web.servlet.MockMvcPrintOnlyOnFailureTestExecutionListener@4bff1903, org.springframework.boot.test.autoconfigure.web.servlet.WebDriverTestExecutionListener@62dae540, org.springframework.boot.test.autoconfigure.webservices.client.MockWebServiceServerTestExecutionListener@5827af16, org.springframework.boot.test.mock.mockito.ResetMocksTestExecutionListener@654d8173]

  .   ____          _            __ _ _
 /\\ / ___'_ __ _ _(_)_ __  __ _ \ \ \ \
( ( )\___ | '_ | '_| | '_ \/ _` | \ \ \ \
 \\/  ___)| |_)| | | | | || (_| |  ) ) ) )
  '  |____| .__|_| |_|_| |_\__, | / / / /
 =========|_|==============|___/=/_/_/_/
 :: Spring Boot ::                (v2.6.4)

2022-03-20 23:16:52.529  INFO 54497 --- [    Test worker] o.g.WTFuccelent.ItemControllerTest       : Starting ItemControllerTest using Java 17.0.2 on Tengs-iMac with PID 54497 (started by ros in /Users/ros/Desktop/WTFuccelent)
2022-03-20 23:16:52.531  INFO 54497 --- [    Test worker] o.g.WTFuccelent.ItemControllerTest       : No active profile set, falling back to 1 default profile: "default"
2022-03-20 23:16:53.582  INFO 54497 --- [    Test worker] .s.d.r.c.RepositoryConfigurationDelegate : Bootstrapping Spring Data JPA repositories in DEFAULT mode.
2022-03-20 23:16:53.640  INFO 54497 --- [    Test worker] .s.d.r.c.RepositoryConfigurationDelegate : Finished Spring Data repository scanning in 52 ms. Found 1 JPA repository interfaces.
2022-03-20 23:16:54.670  INFO 54497 --- [    Test worker] com.zaxxer.hikari.HikariDataSource       : HikariPool-1 - Starting...
2022-03-20 23:16:55.093  INFO 54497 --- [    Test worker] com.zaxxer.hikari.HikariDataSource       : HikariPool-1 - Start completed.
2022-03-20 23:16:55.294  INFO 54497 --- [    Test worker] o.hibernate.jpa.internal.util.LogHelper  : HHH000204: Processing PersistenceUnitInfo [name: default]
2022-03-20 23:16:55.342  INFO 54497 --- [    Test worker] org.hibernate.Version                    : HHH000412: Hibernate ORM core version 5.6.5.Final
2022-03-20 23:16:55.511  INFO 54497 --- [    Test worker] o.hibernate.annotations.common.Version   : HCANN000001: Hibernate Commons Annotations {5.1.2.Final}
2022-03-20 23:16:55.613  INFO 54497 --- [    Test worker] org.hibernate.dialect.Dialect            : HHH000400: Using dialect: org.hibernate.dialect.MySQL8Dialect
2022-03-20 23:16:56.013  INFO 54497 --- [    Test worker] o.h.e.t.j.p.i.JtaPlatformInitiator       : HHH000490: Using JtaPlatform implementation: [org.hibernate.engine.transaction.jta.platform.internal.NoJtaPlatform]
2022-03-20 23:16:56.021  INFO 54497 --- [    Test worker] j.LocalContainerEntityManagerFactoryBean : Initialized JPA EntityManagerFactory for persistence unit 'default'
2022-03-20 23:16:56.469  WARN 54497 --- [    Test worker] JpaBaseConfiguration$JpaWebConfiguration : spring.jpa.open-in-view is enabled by default. Therefore, database queries may be performed during view rendering. Explicitly configure spring.jpa.open-in-view to disable this warning
2022-03-20 23:16:56.708  INFO 54497 --- [    Test worker] o.s.s.web.DefaultSecurityFilterChain     : Will not secure any request
2022-03-20 23:16:57.617  INFO 54497 --- [    Test worker] o.s.b.a.w.s.WelcomePageHandlerMapping    : Adding welcome page template: index
2022-03-20 23:16:58.068  INFO 54497 --- [    Test worker] o.g.WTFuccelent.ItemControllerTest       : Started ItemControllerTest in 5.929 seconds (JVM running for 7.241)
]]></system-out>
  <system-err><![CDATA[]]></system-err>
</testsuite>
