<?xml version="1.0" encoding="UTF-8"?>
<testsuite name="org.generation.WTFuccelent.ItemServiceMySQLTest" tests="1" skipped="0" failures="0" errors="0" timestamp="2022-03-20T15:16:59" hostname="Tengs-iMac" time="0.022">
  <properties/>
  <testcase name="saveCallsItemsRepositorySave()" classname="org.generation.WTFuccelent.ItemServiceMySQLTest" time="0.022"/>
  <system-out><![CDATA[2022-03-20 23:16:59.221  INFO 54497 --- [    Test worker] .b.t.c.SpringBootTestContextBootstrapper : Neither @ContextConfiguration nor @ContextHierarchy found for test class [org.generation.WTFuccelent.ItemServiceMySQLTest], using SpringBootContextLoader
2022-03-20 23:16:59.230  INFO 54497 --- [    Test worker] o.s.t.c.support.AbstractContextLoader    : Could not detect default resource locations for test class [org.generation.WTFuccelent.ItemServiceMySQLTest]: no resource found for suffixes {-context.xml, Context.groovy}.
2022-03-20 23:16:59.231  INFO 54497 --- [    Test worker] t.c.s.AnnotationConfigContextLoaderUtils : Could not detect default configuration classes for test class [org.generation.WTFuccelent.ItemServiceMySQLTest]: ItemServiceMySQLTest does not declare any static, non-private, non-final, nested classes annotated with @Configuration.
2022-03-20 23:16:59.258  INFO 54497 --- [    Test worker] .b.t.c.SpringBootTestContextBootstrapper : Found @SpringBootConfiguration org.generation.WTFuccelent.WtFuccelentApplication for test class org.generation.WTFuccelent.ItemServiceMySQLTest
2022-03-20 23:16:59.266  INFO 54497 --- [    Test worker] .b.t.c.SpringBootTestContextBootstrapper : Loaded default TestExecutionListener class names from location [META-INF/spring.factories]: [org.springframework.boot.test.autoconfigure.restdocs.RestDocsTestExecutionListener, org.springframework.boot.test.autoconfigure.web.client.MockRestServiceServerResetTestExecutionListener, org.springframework.boot.test.autoconfigure.web.servlet.MockMvcPrintOnlyOnFailureTestExecutionListener, org.springframework.boot.test.autoconfigure.web.servlet.WebDriverTestExecutionListener, org.springframework.boot.test.autoconfigure.webservices.client.MockWebServiceServerTestExecutionListener, org.springframework.boot.test.mock.mockito.MockitoTestExecutionListener, org.springframework.boot.test.mock.mockito.ResetMocksTestExecutionListener, org.springframework.test.context.web.ServletTestExecutionListener, org.springframework.test.context.support.DirtiesContextBeforeModesTestExecutionListener, org.springframework.test.context.event.ApplicationEventsTestExecutionListener, org.springframework.test.context.support.DependencyInjectionTestExecutionListener, org.springframework.test.context.support.DirtiesContextTestExecutionListener, org.springframework.test.context.transaction.TransactionalTestExecutionListener, org.springframework.test.context.jdbc.SqlScriptsTestExecutionListener, org.springframework.test.context.event.EventPublishingTestExecutionListener]
2022-03-20 23:16:59.267  INFO 54497 --- [    Test worker] .b.t.c.SpringBootTestContextBootstrapper : Using TestExecutionListeners: [org.springframework.test.context.web.ServletTestExecutionListener@bb160fb, org.springframework.test.context.support.DirtiesContextBeforeModesTestExecutionListener@4cc4f6bd, org.springframework.test.context.event.ApplicationEventsTestExecutionListener@798753cc, org.springframework.boot.test.mock.mockito.MockitoTestExecutionListener@77262e71, org.springframework.boot.test.autoconfigure.SpringBootDependencyInjectionTestExecutionListener@77902ed6, org.springframework.test.context.support.DirtiesContextTestExecutionListener@1c0a4f87, org.springframework.test.context.transaction.TransactionalTestExecutionListener@5f5076f9, org.springframework.test.context.jdbc.SqlScriptsTestExecutionListener@19439ec4, org.springframework.test.context.event.EventPublishingTestExecutionListener@6f53f5a4, org.springframework.boot.test.autoconfigure.restdocs.RestDocsTestExecutionListener@21ebf9be, org.springframework.boot.test.autoconfigure.web.client.MockRestServiceServerResetTestExecutionListener@7d50b4c4, org.springframework.boot.test.autoconfigure.web.servlet.MockMvcPrintOnlyOnFailureTestExecutionListener@7860a014, org.springframework.boot.test.autoconfigure.web.servlet.WebDriverTestExecutionListener@86e8469, org.springframework.boot.test.autoconfigure.webservices.client.MockWebServiceServerTestExecutionListener@76b6bad3, org.springframework.boot.test.mock.mockito.ResetMocksTestExecutionListener@e38d655]
]]></system-out>
  <system-err><![CDATA[]]></system-err>
</testsuite>
